Arguments: 
  D:\Program Files\nodejs\node.exe C:\Users\user\AppData\Roaming\npm\node_modules\yarn\bin\yarn.js add node-sass

PATH: 
  C:\Program Files (x86)\Common Files\Oracle\Java\javapath;D:\Program Files\python2\;D:\Program Files\python2\Scripts;C:\Windows\system32;C:\Windows;C:\Windows\System32\Wbem;C:\Windows\System32\WindowsPowerShell\v1.0\;C:\Windows\System32\OpenSSH\;C:\Program Files (x86)\NVIDIA Corporation\PhysX\Common;C:\Program Files\NVIDIA Corporation\NVIDIA NvDLISR;D:\Program Files\nodejs\;D:\Program Files\Git\cmd;C:\Program Files\dotnet\;D:\Program Files (x86)\Tencent\微信web开发者工具\dll;D:\Program Files\TortoiseGit\bin;D:\Program Files\Java\jdk1.8.0_291\bin;D:\Program Files\Java\jdk1.8.0_291\jre\bin;;D:\Program Files\Microsoft VS Code\bin;C:\Users\user\AppData\Local\Microsoft\WindowsApps;D:\Program Files\Bandizip\;C:\Users\user\AppData\Roaming\npm

Yarn version: 
  1.22.18

Node version: 
  14.17.1

Platform: 
  win32 x64

Trace: 
  Error: EPERM: operation not permitted, unlink 'D:\MyProject\vue\myUi_vue3_vite\node_modules\esbuild-windows-64\esbuild.exe'

npm manifest: 
  {
    "name": "myui-vue3-vite",
    "private": true,
    "version": "0.0.0",
    "scripts": {
      "dev": "vite",
      "build": "vue-tsc --noEmit && vite build",
      "preview": "vite preview"
    },
    "dependencies": {
      "vue": "^3.2.25"
    },
    "devDependencies": {
      "@vitejs/plugin-vue": "^2.3.3",
      "typescript": "^4.5.4",
      "vite": "^2.9.9",
      "vue-tsc": "^0.34.7"
    }
  }

yarn manifest: 
  No manifest

Lockfile: 
  No lockfile
